[     577ms] [ERROR] Failed to load resource: the server responded with a status of 500 (Internal Server Error) @ http://localhost:3001/cost-types:0
[     846ms] ReferenceError: Button is not defined
    at <anonymous> (about://React/Server/G:%5C__VSCode%5Ccrm-manager%5C.next%5Cdev%5Cserver%5Cchunks%5Cssr%5C%5Broot-of-the-server%5D__78677d44._.js?6:479:317)
    at Array.map (<anonymous>:1:18)
    at CostTypesPage (about://React/Server/G:%5C__VSCode%5Ccrm-manager%5C.next%5Cdev%5Cserver%5Cchunks%5Cssr%5C%5Broot-of-the-server%5D__78677d44._.js?7:457:61)
    at resolveErrorDev (http://localhost:3001/_next/static/chunks/node_modules_next_dist_compiled_react-server-dom-turbopack_9212ccad._.js:1894:148)
    at processFullStringRow (http://localhost:3001/_next/static/chunks/node_modules_next_dist_compiled_react-server-dom-turbopack_9212ccad._.js:2402:29)
    at processFullBinaryRow (http://localhost:3001/_next/static/chunks/node_modules_next_dist_compiled_react-server-dom-turbopack_9212ccad._.js:2361:9)
    at processBinaryChunk (http://localhost:3001/_next/static/chunks/node_modules_next_dist_compiled_react-server-dom-turbopack_9212ccad._.js:2470:221)
    at progress (http://localhost:3001/_next/static/chunks/node_modules_next_dist_compiled_react-server-dom-turbopack_9212ccad._.js:2640:13)
[    7405ms] [WARNING] The resource http://localhost:3001/_next/static/chunks/app_globals_71f961d1.css was preloaded using link preload but not used within a few seconds from the window's load event. Please make sure it has an appropriate `as` value and it is preloaded intentionally. @ http://localhost:3001/cost-types:0
[  200187ms] [ERROR] Failed to load resource: the server responded with a status of 500 (Internal Server Error) @ http://localhost:3001/cost-types:0
[  200597ms] ReferenceError: Button is not defined
    at <anonymous> (about://React/Server/G:%5C__VSCode%5Ccrm-manager%5C.next%5Cdev%5Cserver%5Cchunks%5Cssr%5C%5Broot-of-the-server%5D__78677d44._.js?6:479:317)
    at Array.map (<anonymous>:1:18)
    at CostTypesPage (about://React/Server/G:%5C__VSCode%5Ccrm-manager%5C.next%5Cdev%5Cserver%5Cchunks%5Cssr%5C%5Broot-of-the-server%5D__78677d44._.js?7:457:61)
    at resolveErrorDev (http://localhost:3001/_next/static/chunks/node_modules_next_dist_compiled_react-server-dom-turbopack_9212ccad._.js:1894:148)
    at processFullStringRow (http://localhost:3001/_next/static/chunks/node_modules_next_dist_compiled_react-server-dom-turbopack_9212ccad._.js:2402:29)
    at processFullBinaryRow (http://localhost:3001/_next/static/chunks/node_modules_next_dist_compiled_react-server-dom-turbopack_9212ccad._.js:2361:9)
    at processBinaryChunk (http://localhost:3001/_next/static/chunks/node_modules_next_dist_compiled_react-server-dom-turbopack_9212ccad._.js:2470:221)
    at progress (http://localhost:3001/_next/static/chunks/node_modules_next_dist_compiled_react-server-dom-turbopack_9212ccad._.js:2640:13)
[  203648ms] [WARNING] The resource http://localhost:3001/_next/static/chunks/app_globals_71f961d1.css was preloaded using link preload but not used within a few seconds from the window's load event. Please make sure it has an appropriate `as` value and it is preloaded intentionally. @ http://localhost:3001/cost-types:0
[  251311ms] [ERROR] React does not recognize the `%s` prop on a DOM element. If you intentionally want it to appear in the DOM as a custom attribute, spell it as lowercase `%s` instead. If you accidentally passed it from a parent component, remove it from the DOM element. asChild aschild @ http://localhost:3001/_next/static/chunks/node_modules_next_dist_f3530cac._.js:3127
[  272942ms] [ERROR] React does not recognize the `%s` prop on a DOM element. If you intentionally want it to appear in the DOM as a custom attribute, spell it as lowercase `%s` instead. If you accidentally passed it from a parent component, remove it from the DOM element. asChild aschild @ http://localhost:3001/_next/static/chunks/node_modules_next_dist_f3530cac._.js:3127
[  295952ms] [ERROR] React does not recognize the `%s` prop on a DOM element. If you intentionally want it to appear in the DOM as a custom attribute, spell it as lowercase `%s` instead. If you accidentally passed it from a parent component, remove it from the DOM element. asChild aschild @ http://localhost:3001/_next/static/chunks/node_modules_next_dist_f3530cac._.js:3127
[  334140ms] [ERROR] React does not recognize the `%s` prop on a DOM element. If you intentionally want it to appear in the DOM as a custom attribute, spell it as lowercase `%s` instead. If you accidentally passed it from a parent component, remove it from the DOM element. asChild aschild @ http://localhost:3001/_next/static/chunks/node_modules_next_dist_f3530cac._.js:3127
[  337551ms] [ERROR] React does not recognize the `%s` prop on a DOM element. If you intentionally want it to appear in the DOM as a custom attribute, spell it as lowercase `%s` instead. If you accidentally passed it from a parent component, remove it from the DOM element. asChild aschild @ http://localhost:3001/_next/static/chunks/node_modules_next_dist_f3530cac._.js:3127
[  345141ms] [ERROR] Failed to load resource: the server responded with a status of 404 (Not Found) @ http://localhost:3001/settings?_rsc=19jdp:0
[  345284ms] [ERROR] Failed to load resource: the server responded with a status of 404 (Not Found) @ http://localhost:3001/settings:0
[  347294ms] [ERROR] React does not recognize the `%s` prop on a DOM element. If you intentionally want it to appear in the DOM as a custom attribute, spell it as lowercase `%s` instead. If you accidentally passed it from a parent component, remove it from the DOM element. asChild aschild @ http://localhost:3001/_next/static/chunks/node_modules_next_dist_f3530cac._.js:3127
