[    2318ms] [ERROR] Failed to load resource: the server responded with a status of 500 (Internal Server Error) @ http://localhost:3001/:0
[    2705ms] Error: ./app/globals.css
Error evaluating Node.js code
CssSyntaxError: tailwindcss: G:\__VSCode\crm-manager\app\globals.css:1:1: Cannot apply unknown utility class `border-border`
    [at Input.error (turbopack:///[project]/node_modules/postcss/lib/input.js:135:16)]
    [at Root.error (turbopack:///[project]/node_modules/postcss/lib/node.js:146:32)]
    [at Object.Once (G:\__VSCode\crm-manager\node_modules\@tailwindcss\postcss\dist\index.js:10:6913)]
    [at async LazyResult.runAsync (turbopack:///[project]/node_modules/postcss/lib/lazy-result.js:293:11)]
    [at async transform (turbopack:///[turbopack-node]/transforms/postcss.ts:70:34)]
    [at async run (turbopack:///[turbopack-node]/ipc/evaluate.ts:92:23)]

Import trace:
  Client Component Browser:
    ./app/globals.css [Client Component Browser]
    ./app/layout.tsx [Server Component]


    at Object.getCompilationErrors (file://G:\__VSCode\crm-manager\node_modules\next\dist\server\dev\hot-reloader-turbopack.js:1008:59)
    at DevBundlerService.getCompilationError (file://G:\__VSCode\crm-manager\node_modules\next\dist\server\lib\dev-bundler-service.js:44:55)
    at DevServer.getCompilationError (file://G:\__VSCode\crm-manager\node_modules\next\dist\server\dev\next-dev-server.js:706:42)
    at DevServer.findPageComponents (file://G:\__VSCode\crm-manager\node_modules\next\dist\server\dev\next-dev-server.js:676:43)
    at async DevServer.renderErrorToResponseImpl (file://G:\__VSCode\crm-manager\node_modules\next\dist\server\base-server.js:1733:26)
[    2650ms] [ERROR] Failed to load resource: the server responded with a status of 404 (Not Found) @ http://localhost:3001/favicon.ico:0
[    2780ms] [ERROR] ./app/globals.css
Error evaluating Node.js code
CssSyntaxError: tailwindcss: G:\__VSCode\crm-manager\app\globals.css:1:1: Cannot apply unknown utility class `border-border`
    [at Input.error (turbopack:///[project]/node_modules/postcss/lib/input.js:135:16)]
    [at Root.error (turbopack:///[project]/node_modules/postcss/lib/node.js:146:32)]
    [at Object.Once (G:\__VSCode\crm-manager\node_modules\@tailwindcss\postcss\dist\index.js:10:6913)]
    [at async LazyResult.runAsync (turbopack:///[project]/node_modules/postcss/lib/lazy-result.js:293:11)]
    [at async transform (turbopack:///[turbopack-node]/transforms/postcss.ts:70:34)]
    [at async run (turbopack:///[turbopack-node]/ipc/evaluate.ts:92:23)]

Import trace:
  Client Component Browser:
    ./app/globals.css [Client Component Browser]
    ./app/layout.tsx [Server Component] @ http://localhost:3001/_next/static/chunks/node_modules_next_dist_b3fb3b5f._.js:1920
[    2956ms] [ERROR] ./app/globals.css
Error evaluating Node.js code
CssSyntaxError: tailwindcss: G:\__VSCode\crm-manager\app\globals.css:1:1: Cannot apply unknown utility class `border-border`
    [at Input.error (turbopack:///[project]/node_modules/postcss/lib/input.js:135:16)]
    [at Root.error (turbopack:///[project]/node_modules/postcss/lib/node.js:146:32)]
    [at Object.Once (G:\__VSCode\crm-manager\node_modules\@tailwindcss\postcss\dist\index.js:10:6913)]
    [at async LazyResult.runAsync (turbopack:///[project]/node_modules/postcss/lib/lazy-result.js:293:11)]
    [at async transform (turbopack:///[turbopack-node]/transforms/postcss.ts:70:34)]
    [at async run (turbopack:///[turbopack-node]/ipc/evaluate.ts:92:23)]

Import trace:
  Client Component Browser:
    ./app/globals.css [Client Component Browser]
    ./app/layout.tsx [Server Component] @ http://localhost:3001/_next/static/chunks/node_modules_next_dist_b3fb3b5f._.js:1920
[   49443ms] [ERROR] Failed to load resource: the server responded with a status of 500 (Internal Server Error) @ http://localhost:3001/:0
[   49611ms] Error: ./app/globals.css
Error evaluating Node.js code
CssSyntaxError: tailwindcss: G:\__VSCode\crm-manager\app\globals.css:1:1: Cannot apply unknown utility class `border-border`
    [at Input.error (turbopack:///[project]/node_modules/postcss/lib/input.js:135:16)]
    [at Root.error (turbopack:///[project]/node_modules/postcss/lib/node.js:146:32)]
    [at Object.Once (G:\__VSCode\crm-manager\node_modules\@tailwindcss\postcss\dist\index.js:10:6913)]
    [at async LazyResult.runAsync (turbopack:///[project]/node_modules/postcss/lib/lazy-result.js:293:11)]
    [at async transform (turbopack:///[turbopack-node]/transforms/postcss.ts:70:34)]
    [at async run (turbopack:///[turbopack-node]/ipc/evaluate.ts:92:23)]

Import trace:
  Client Component Browser:
    ./app/globals.css [Client Component Browser]
    ./app/layout.tsx [Server Component]


    at Object.getCompilationErrors (file://G:\__VSCode\crm-manager\node_modules\next\dist\server\dev\hot-reloader-turbopack.js:1008:59)
    at DevBundlerService.getCompilationError (file://G:\__VSCode\crm-manager\node_modules\next\dist\server\lib\dev-bundler-service.js:44:55)
    at DevServer.getCompilationError (file://G:\__VSCode\crm-manager\node_modules\next\dist\server\dev\next-dev-server.js:706:42)
    at DevServer.findPageComponents (file://G:\__VSCode\crm-manager\node_modules\next\dist\server\dev\next-dev-server.js:676:43)
    at async DevServer.renderErrorToResponseImpl (file://G:\__VSCode\crm-manager\node_modules\next\dist\server\base-server.js:1733:26)
[   49611ms] [ERROR] ./app/globals.css
Error evaluating Node.js code
CssSyntaxError: tailwindcss: G:\__VSCode\crm-manager\app\globals.css:1:1: Cannot apply unknown utility class `border-border`
    [at Input.error (turbopack:///[project]/node_modules/postcss/lib/input.js:135:16)]
    [at Root.error (turbopack:///[project]/node_modules/postcss/lib/node.js:146:32)]
    [at Object.Once (G:\__VSCode\crm-manager\node_modules\@tailwindcss\postcss\dist\index.js:10:6913)]
    [at async LazyResult.runAsync (turbopack:///[project]/node_modules/postcss/lib/lazy-result.js:293:11)]
    [at async transform (turbopack:///[turbopack-node]/transforms/postcss.ts:70:34)]
    [at async run (turbopack:///[turbopack-node]/ipc/evaluate.ts:92:23)]

Import trace:
  Client Component Browser:
    ./app/globals.css [Client Component Browser]
    ./app/layout.tsx [Server Component] @ http://localhost:3001/_next/static/chunks/node_modules_next_dist_b3fb3b5f._.js:1920
[   49657ms] [ERROR] ./app/globals.css
Error evaluating Node.js code
CssSyntaxError: tailwindcss: G:\__VSCode\crm-manager\app\globals.css:1:1: Cannot apply unknown utility class `border-border`
    [at Input.error (turbopack:///[project]/node_modules/postcss/lib/input.js:135:16)]
    [at Root.error (turbopack:///[project]/node_modules/postcss/lib/node.js:146:32)]
    [at Object.Once (G:\__VSCode\crm-manager\node_modules\@tailwindcss\postcss\dist\index.js:10:6913)]
    [at async LazyResult.runAsync (turbopack:///[project]/node_modules/postcss/lib/lazy-result.js:293:11)]
    [at async transform (turbopack:///[turbopack-node]/transforms/postcss.ts:70:34)]
    [at async run (turbopack:///[turbopack-node]/ipc/evaluate.ts:92:23)]

Import trace:
  Client Component Browser:
    ./app/globals.css [Client Component Browser]
    ./app/layout.tsx [Server Component] @ http://localhost:3001/_next/static/chunks/node_modules_next_dist_b3fb3b5f._.js:1920
[   52682ms] [ERROR] ./app/globals.css
Error evaluating Node.js code
CssSyntaxError: tailwindcss: G:\__VSCode\crm-manager\app\globals.css:1:1: Cannot apply unknown utility class `border-border`
    [at Input.error (turbopack:///[project]/node_modules/postcss/lib/input.js:135:16)]
    [at Root.error (turbopack:///[project]/node_modules/postcss/lib/node.js:146:32)]
    [at Object.Once (G:\__VSCode\crm-manager\node_modules\@tailwindcss\postcss\dist\index.js:10:6913)]
    [at async LazyResult.runAsync (turbopack:///[project]/node_modules/postcss/lib/lazy-result.js:293:11)]
    [at async transform (turbopack:///[turbopack-node]/transforms/postcss.ts:70:34)]
    [at async run (turbopack:///[turbopack-node]/ipc/evaluate.ts:92:23)]

Import trace:
  Client Component Browser:
    ./app/globals.css [Client Component Browser]
    ./app/layout.tsx [Server Component] @ http://localhost:3001/_next/static/chunks/node_modules_next_dist_b3fb3b5f._.js:1920
[   73685ms] [ERROR] ./app/globals.css
Error evaluating Node.js code
CssSyntaxError: tailwindcss: G:\__VSCode\crm-manager\app\globals.css:1:1: Cannot apply unknown utility class `border-border`
    [at Input.error (turbopack:///[project]/node_modules/postcss/lib/input.js:135:16)]
    [at Root.error (turbopack:///[project]/node_modules/postcss/lib/node.js:146:32)]
    [at Object.Once (G:\__VSCode\crm-manager\node_modules\@tailwindcss\postcss\dist\index.js:10:6913)]
    [at async LazyResult.runAsync (turbopack:///[project]/node_modules/postcss/lib/lazy-result.js:293:11)]
    [at async transform (turbopack:///[turbopack-node]/transforms/postcss.ts:70:34)]
    [at async run (turbopack:///[turbopack-node]/ipc/evaluate.ts:92:23)]

Import trace:
  Client Component Browser:
    ./app/globals.css [Client Component Browser]
    ./app/layout.tsx [Server Component] @ http://localhost:3001/_next/static/chunks/node_modules_next_dist_b3fb3b5f._.js:1920
[   76395ms] [ERROR] React does not recognize the `%s` prop on a DOM element. If you intentionally want it to appear in the DOM as a custom attribute, spell it as lowercase `%s` instead. If you accidentally passed it from a parent component, remove it from the DOM element. asChild aschild @ http://localhost:3001/_next/static/chunks/node_modules_next_dist_f3530cac._.js:3127
[   86307ms] [ERROR] Failed to load resource: the server responded with a status of 404 (Not Found) @ http://localhost:3001/projects?_rsc=vusbg:0
[   86442ms] [ERROR] Failed to load resource: the server responded with a status of 404 (Not Found) @ http://localhost:3001/projects:0
[   89334ms] [ERROR] React does not recognize the `%s` prop on a DOM element. If you intentionally want it to appear in the DOM as a custom attribute, spell it as lowercase `%s` instead. If you accidentally passed it from a parent component, remove it from the DOM element. asChild aschild @ http://localhost:3001/_next/static/chunks/node_modules_next_dist_f3530cac._.js:3127
[  112053ms] [ERROR] Failed to load resource: the server responded with a status of 404 (Not Found) @ http://localhost:3001/projects?_rsc=vusbg:0
[  112147ms] [ERROR] Failed to load resource: the server responded with a status of 404 (Not Found) @ http://localhost:3001/projects:0
[  114282ms] [ERROR] React does not recognize the `%s` prop on a DOM element. If you intentionally want it to appear in the DOM as a custom attribute, spell it as lowercase `%s` instead. If you accidentally passed it from a parent component, remove it from the DOM element. asChild aschild @ http://localhost:3001/_next/static/chunks/node_modules_next_dist_f3530cac._.js:3127
[  159390ms] [ERROR] Failed to load resource: the server responded with a status of 404 (Not Found) @ http://localhost:3001/settings?_rsc=vusbg:0
[  159462ms] [ERROR] Failed to load resource: the server responded with a status of 404 (Not Found) @ http://localhost:3001/settings:0
[  163468ms] [ERROR] React does not recognize the `%s` prop on a DOM element. If you intentionally want it to appear in the DOM as a custom attribute, spell it as lowercase `%s` instead. If you accidentally passed it from a parent component, remove it from the DOM element. asChild aschild @ http://localhost:3001/_next/static/chunks/node_modules_next_dist_f3530cac._.js:3127
